# JRE version: OpenJDK Runtime Environment Microsoft-8035246 (17.0.8+7) (build 17.0.8+7-LTS)
# Java VM: OpenJDK 64-Bit Server VM Microsoft-8035246 (17.0.8+7-LTS, mixed mode, sharing, tiered, compressed oops, compressed class ptrs, g1 gc, windows-amd64)
GC Precious Log:
 CPUs: 4 total, 4 available
 Memory: 16382M
 Large Page Support: Disabled
 NUMA Support: Disabled
 Compressed Oops: Enabled (32-bit)
 Heap Region Size: 1M
 Heap Min Capacity: 8M
 Heap Initial Capacity: 256M
 Heap Max Capacity: 2G
 Pre-touch: Disabled
 Parallel Workers: 4
 Concurrent Workers: 1
 Concurrent Refinement Workers: 4
 Periodic GC: Disabled
Heap:
 garbage-first heap   total 317440K, used 196241K [0x0000000080000000, 0x0000000100000000)
  region size 1024K, 92 young (94208K), 2 survivors (2048K)
 Metaspace       used 92743K, committed 93504K, reserved 557056K
  class space    used 12507K, committed 12864K, reserved 425984K
GC Heap History (20 events):
Event: 30.104 GC heap before
{Heap before GC invocations=39 (full 0):
 garbage-first heap   total 153600K, used 116168K [0x0000000080000000, 0x0000000100000000)
  region size 1024K, 47 young (48128K), 6 survivors (6144K)
 Metaspace       used 74277K, committed 75008K, reserved 491520K
  class space    used 10240K, committed 10560K, reserved 425984K
}
Event: 30.115 GC heap after
{Heap after GC invocations=40 (full 0):
 garbage-first heap   total 153600K, used 77602K [0x0000000080000000, 0x0000000100000000)
  region size 1024K, 4 young (4096K), 4 survivors (4096K)
 Metaspace       used 74277K, committed 75008K, reserved 491520K
  class space    used 10240K, committed 10560K, reserved 425984K
}
Event: 30.781 GC heap before
{Heap before GC invocations=40 (full 0):
 garbage-first heap   total 153600K, used 118562K [0x0000000080000000, 0x0000000100000000)
  region size 1024K, 44 young (45056K), 4 survivors (4096K)
 Metaspace       used 75847K, committed 76608K, reserved 557056K
  class space    used 10482K, committed 10816K, reserved 425984K
}
Event: 30.792 GC heap after
{Heap after GC invocations=41 (full 0):
 garbage-first heap   total 153600K, used 82601K [0x0000000080000000, 0x0000000100000000)
  region size 1024K, 6 young (6144K), 6 survivors (6144K)
 Metaspace       used 75847K, committed 76608K, reserved 557056K
  class space    used 10482K, committed 10816K, reserved 425984K
}
Event: 32.566 GC heap before
{Heap before GC invocations=42 (full 0):
 garbage-first heap   total 153600K, used 121513K [0x0000000080000000, 0x0000000100000000)
  region size 1024K, 44 young (45056K), 6 survivors (6144K)
 Metaspace       used 81961K, committed 82624K, reserved 557056K
  class space    used 11203K, committed 11520K, reserved 425984K
}
Event: 32.580 GC heap after
{Heap after GC invocations=43 (full 0):
 garbage-first heap   total 153600K, used 87699K [0x0000000080000000, 0x0000000100000000)
  region size 1024K, 5 young (5120K), 5 survivors (5120K)
 Metaspace       used 81961K, committed 82624K, reserved 557056K
  class space    used 11203K, committed 11520K, reserved 425984K
}
Event: 32.616 GC heap before
{Heap before GC invocations=43 (full 0):
 garbage-first heap   total 153600K, used 89747K [0x0000000080000000, 0x0000000100000000)
  region size 1024K, 7 young (7168K), 5 survivors (5120K)
 Metaspace       used 82244K, committed 83008K, reserved 557056K
  class space    used 11244K, committed 11584K, reserved 425984K
}
Event: 32.626 GC heap after
{Heap after GC invocations=44 (full 0):
 garbage-first heap   total 153600K, used 87690K [0x0000000080000000, 0x0000000100000000)
  region size 1024K, 1 young (1024K), 1 survivors (1024K)
 Metaspace       used 82244K, committed 83008K, reserved 557056K
  class space    used 11244K, committed 11584K, reserved 425984K
}
Event: 34.159 GC heap before
{Heap before GC invocations=44 (full 0):
 garbage-first heap   total 153600K, used 123530K [0x0000000080000000, 0x0000000100000000)
  region size 1024K, 36 young (36864K), 1 survivors (1024K)
 Metaspace       used 87827K, committed 88576K, reserved 557056K
  class space    used 12020K, committed 12352K, reserved 425984K
}
Event: 34.167 GC heap after
{Heap after GC invocations=45 (full 0):
 garbage-first heap   total 153600K, used 89711K [0x0000000080000000, 0x0000000100000000)
  region size 1024K, 3 young (3072K), 3 survivors (3072K)
 Metaspace       used 87827K, committed 88576K, reserved 557056K
  class space    used 12020K, committed 12352K, reserved 425984K
}
Event: 36.031 GC heap before
{Heap before GC invocations=46 (full 0):
 garbage-first heap   total 158720K, used 123503K [0x0000000080000000, 0x0000000100000000)
  region size 1024K, 37 young (37888K), 3 survivors (3072K)
 Metaspace       used 88961K, committed 89728K, reserved 557056K
  class space    used 12175K, committed 12544K, reserved 425984K
}
Event: 36.042 GC heap after
{Heap after GC invocations=47 (full 0):
 garbage-first heap   total 158720K, used 93026K [0x0000000080000000, 0x0000000100000000)
  region size 1024K, 4 young (4096K), 4 survivors (4096K)
 Metaspace       used 88961K, committed 89728K, reserved 557056K
  class space    used 12175K, committed 12544K, reserved 425984K
}
Event: 36.115 GC heap before
{Heap before GC invocations=47 (full 0):
 garbage-first heap   total 158720K, used 96098K [0x0000000080000000, 0x0000000100000000)
  region size 1024K, 7 young (7168K), 4 survivors (4096K)
 Metaspace       used 88995K, committed 89792K, reserved 557056K
  class space    used 12176K, committed 12544K, reserved 425984K
}
Event: 36.122 GC heap after
{Heap after GC invocations=48 (full 0):
 garbage-first heap   total 158720K, used 92981K [0x0000000080000000, 0x0000000100000000)
  region size 1024K, 1 young (1024K), 1 survivors (1024K)
 Metaspace       used 88995K, committed 89792K, reserved 557056K
  class space    used 12176K, committed 12544K, reserved 425984K
}
Event: 36.964 GC heap before
{Heap before GC invocations=48 (full 0):
 garbage-first heap   total 158720K, used 127797K [0x0000000080000000, 0x0000000100000000)
  region size 1024K, 36 young (36864K), 1 survivors (1024K)
 Metaspace       used 89229K, committed 89984K, reserved 557056K
  class space    used 12182K, committed 12544K, reserved 425984K
}
Event: 36.972 GC heap after
{Heap after GC invocations=49 (full 0):
 garbage-first heap   total 317440K, used 95079K [0x0000000080000000, 0x0000000100000000)
  region size 1024K, 3 young (3072K), 3 survivors (3072K)
 Metaspace       used 89229K, committed 89984K, reserved 557056K
  class space    used 12182K, committed 12544K, reserved 425984K
}
Event: 47.498 GC heap before
{Heap before GC invocations=50 (full 0):
 garbage-first heap   total 317440K, used 231271K [0x0000000080000000, 0x0000000100000000)
  region size 1024K, 137 young (140288K), 3 survivors (3072K)
 Metaspace       used 91881K, committed 92672K, reserved 557056K
  class space    used 12444K, committed 12800K, reserved 425984K
}
Event: 47.516 GC heap after
{Heap after GC invocations=51 (full 0):
 garbage-first heap   total 317440K, used 104310K [0x0000000080000000, 0x0000000100000000)
  region size 1024K, 12 young (12288K), 12 survivors (12288K)
 Metaspace       used 91881K, committed 92672K, reserved 557056K
  class space    used 12444K, committed 12800K, reserved 425984K
}
Event: 47.702 GC heap before
{Heap before GC invocations=51 (full 0):
 garbage-first heap   total 317440K, used 107382K [0x0000000080000000, 0x0000000100000000)
  region size 1024K, 15 young (15360K), 12 survivors (12288K)
 Metaspace       used 92080K, committed 92864K, reserved 557056K
  class space    used 12472K, committed 12864K, reserved 425984K
}
Event: 47.715 GC heap after
{Heap after GC invocations=52 (full 0):
 garbage-first heap   total 317440K, used 105105K [0x0000000080000000, 0x0000000100000000)
  region size 1024K, 2 young (2048K), 2 survivors (2048K)
 Metaspace       used 92080K, committed 92864K, reserved 557056K
  class space    used 12472K, committed 12864K, reserved 425984K
}

