# JRE version: OpenJDK Runtime Environment Microsoft-8035246 (17.0.8+7) (build 17.0.8+7-LTS)
# Java VM: OpenJDK 64-Bit Server VM Microsoft-8035246 (17.0.8+7-LTS, mixed mode, sharing, tiered, compressed oops, compressed class ptrs, g1 gc, windows-amd64)
GC Precious Log:
 CPUs: 4 total, 4 available
 Memory: 16382M
 Large Page Support: Disabled
 NUMA Support: Disabled
 Compressed Oops: Enabled (32-bit)
 Heap Region Size: 1M
 Heap Min Capacity: 8M
 Heap Initial Capacity: 256M
 Heap Max Capacity: 2G
 Pre-touch: Disabled
 Parallel Workers: 4
 Concurrent Workers: 1
 Concurrent Refinement Workers: 4
 Periodic GC: Disabled
Heap:
 garbage-first heap   total 183296K, used 110287K [0x0000000080000000, 0x0000000100000000)
  region size 1024K, 12 young (12288K), 1 survivors (1024K)
 Metaspace       used 89908K, committed 90688K, reserved 557056K
  class space    used 12226K, committed 12544K, reserved 425984K
GC Heap History (20 events):
Event: 49.735 GC heap before
{Heap before GC invocations=42 (full 0):
 garbage-first heap   total 140288K, used 104432K [0x0000000080000000, 0x0000000100000000)
  region size 1024K, 30 young (30720K), 4 survivors (4096K)
 Metaspace       used 75804K, committed 76544K, reserved 557056K
  class space    used 10477K, committed 10816K, reserved 425984K
}
Event: 49.747 GC heap after
{Heap after GC invocations=43 (full 0):
 garbage-first heap   total 140288K, used 81508K [0x0000000080000000, 0x0000000100000000)
  region size 1024K, 4 young (4096K), 4 survivors (4096K)
 Metaspace       used 75804K, committed 76544K, reserved 557056K
  class space    used 10477K, committed 10816K, reserved 425984K
}
Event: 51.471 GC heap before
{Heap before GC invocations=43 (full 0):
 garbage-first heap   total 140288K, used 113252K [0x0000000080000000, 0x0000000100000000)
  region size 1024K, 35 young (35840K), 4 survivors (4096K)
 Metaspace       used 80316K, committed 81088K, reserved 557056K
  class space    used 11119K, committed 11520K, reserved 425984K
}
Event: 51.480 GC heap after
{Heap after GC invocations=44 (full 0):
 garbage-first heap   total 140288K, used 83861K [0x0000000080000000, 0x0000000100000000)
  region size 1024K, 3 young (3072K), 3 survivors (3072K)
 Metaspace       used 80316K, committed 81088K, reserved 557056K
  class space    used 11119K, committed 11520K, reserved 425984K
}
Event: 53.802 GC heap before
{Heap before GC invocations=45 (full 0):
 garbage-first heap   total 152576K, used 113557K [0x0000000080000000, 0x0000000100000000)
  region size 1024K, 32 young (32768K), 3 survivors (3072K)
 Metaspace       used 84858K, committed 85696K, reserved 557056K
  class space    used 11637K, committed 12032K, reserved 425984K
}
Event: 53.811 GC heap after
{Heap after GC invocations=46 (full 0):
 garbage-first heap   total 152576K, used 87453K [0x0000000080000000, 0x0000000100000000)
  region size 1024K, 4 young (4096K), 4 survivors (4096K)
 Metaspace       used 84858K, committed 85696K, reserved 557056K
  class space    used 11637K, committed 12032K, reserved 425984K
}
Event: 53.993 GC heap before
{Heap before GC invocations=46 (full 0):
 garbage-first heap   total 152576K, used 90525K [0x0000000080000000, 0x0000000100000000)
  region size 1024K, 7 young (7168K), 4 survivors (4096K)
 Metaspace       used 85242K, committed 86080K, reserved 557056K
  class space    used 11692K, committed 12096K, reserved 425984K
}
Event: 54.004 GC heap after
{Heap after GC invocations=47 (full 0):
 garbage-first heap   total 152576K, used 87766K [0x0000000080000000, 0x0000000100000000)
  region size 1024K, 1 young (1024K), 1 survivors (1024K)
 Metaspace       used 85242K, committed 86080K, reserved 557056K
  class space    used 11692K, committed 12096K, reserved 425984K
}
Event: 56.438 GC heap before
{Heap before GC invocations=47 (full 0):
 garbage-first heap   total 152576K, used 123606K [0x0000000080000000, 0x0000000100000000)
  region size 1024K, 36 young (36864K), 1 survivors (1024K)
 Metaspace       used 88529K, committed 89344K, reserved 557056K
  class space    used 12108K, committed 12480K, reserved 425984K
}
Event: 56.446 GC heap after
{Heap after GC invocations=48 (full 0):
 garbage-first heap   total 183296K, used 90973K [0x0000000080000000, 0x0000000100000000)
  region size 1024K, 4 young (4096K), 4 survivors (4096K)
 Metaspace       used 88529K, committed 89344K, reserved 557056K
  class space    used 12108K, committed 12480K, reserved 425984K
}
Event: 58.744 GC heap before
{Heap before GC invocations=49 (full 0):
 garbage-first heap   total 183296K, used 145245K [0x0000000080000000, 0x0000000100000000)
  region size 1024K, 58 young (59392K), 4 survivors (4096K)
 Metaspace       used 89202K, committed 89984K, reserved 557056K
  class space    used 12182K, committed 12544K, reserved 425984K
}
Event: 58.756 GC heap after
{Heap after GC invocations=50 (full 0):
 garbage-first heap   total 183296K, used 94897K [0x0000000080000000, 0x0000000100000000)
  region size 1024K, 8 young (8192K), 8 survivors (8192K)
 Metaspace       used 89202K, committed 89984K, reserved 557056K
  class space    used 12182K, committed 12544K, reserved 425984K
}
Event: 58.775 GC heap before
{Heap before GC invocations=50 (full 0):
 garbage-first heap   total 183296K, used 95921K [0x0000000080000000, 0x0000000100000000)
  region size 1024K, 9 young (9216K), 8 survivors (8192K)
 Metaspace       used 89237K, committed 89984K, reserved 557056K
  class space    used 12182K, committed 12544K, reserved 425984K
}
Event: 58.785 GC heap after
{Heap after GC invocations=51 (full 0):
 garbage-first heap   total 183296K, used 95238K [0x0000000080000000, 0x0000000100000000)
  region size 1024K, 1 young (1024K), 1 survivors (1024K)
 Metaspace       used 89237K, committed 89984K, reserved 557056K
  class space    used 12182K, committed 12544K, reserved 425984K
}
Event: 59.947 GC heap before
{Heap before GC invocations=51 (full 0):
 garbage-first heap   total 183296K, used 147462K [0x0000000080000000, 0x0000000100000000)
  region size 1024K, 53 young (54272K), 1 survivors (1024K)
 Metaspace       used 89568K, committed 90304K, reserved 557056K
  class space    used 12196K, committed 12544K, reserved 425984K
}
Event: 59.955 GC heap after
{Heap after GC invocations=52 (full 0):
 garbage-first heap   total 183296K, used 97616K [0x0000000080000000, 0x0000000100000000)
  region size 1024K, 4 young (4096K), 4 survivors (4096K)
 Metaspace       used 89568K, committed 90304K, reserved 557056K
  class space    used 12196K, committed 12544K, reserved 425984K
}
Event: 61.252 GC heap before
{Heap before GC invocations=53 (full 0):
 garbage-first heap   total 183296K, used 147792K [0x0000000080000000, 0x0000000100000000)
  region size 1024K, 54 young (55296K), 4 survivors (4096K)
 Metaspace       used 89780K, committed 90560K, reserved 557056K
  class space    used 12210K, committed 12544K, reserved 425984K
}
Event: 61.262 GC heap after
{Heap after GC invocations=54 (full 0):
 garbage-first heap   total 183296K, used 100666K [0x0000000080000000, 0x0000000100000000)
  region size 1024K, 7 young (7168K), 7 survivors (7168K)
 Metaspace       used 89780K, committed 90560K, reserved 557056K
  class space    used 12210K, committed 12544K, reserved 425984K
}
Event: 61.273 GC heap before
{Heap before GC invocations=54 (full 0):
 garbage-first heap   total 183296K, used 100666K [0x0000000080000000, 0x0000000100000000)
  region size 1024K, 8 young (8192K), 7 survivors (7168K)
 Metaspace       used 89780K, committed 90560K, reserved 557056K
  class space    used 12210K, committed 12544K, reserved 425984K
}
Event: 61.282 GC heap after
{Heap after GC invocations=55 (full 0):
 garbage-first heap   total 183296K, used 101071K [0x0000000080000000, 0x0000000100000000)
  region size 1024K, 1 young (1024K), 1 survivors (1024K)
 Metaspace       used 89780K, committed 90560K, reserved 557056K
  class space    used 12210K, committed 12544K, reserved 425984K
}

